[spritetype.cpp:278]: Texture gfx\\interface\\button_type_5.tga have forbidden compression, have you tried DXT3?
[texturehandler.cpp:190]: Couldn't find texture file: gfx/interface/httt_interface/casus_bellis/cb_tianxiazhiba_claims.tga.
[spritetype.cpp:270]: Error initialising texture: gfx/interface/httt_interface/casus_bellis/cb_tianxiazhiba_claims.tga for spritetype GFX_cb_tianxiazhiba_claims
[lexer.cpp:549]: Error on dynamic token: tianjie, Check if not already used elsewhere.
[lexer.cpp:549]: Error on dynamic token: mojia, Check if not already used elsewhere.
[persistent.cpp:39]: Error: "Malformed token: }, near line: 70
Malformed token: {, near line: 72
" in file: "common\governments.txt" near line: 85
[lexer.cpp:549]: Error on dynamic token: xiongnu, Check if not already used elsewhere.
[lexer.cpp:549]: Error on dynamic token: xiyu, Check if not already used elsewhere.
[lexer.cpp:549]: Error on dynamic token: kill_heir, Check if not already used elsewhere.
[persistent.cpp:39]: Error: "Unexpected token: death_date, near line: 21
" in file: "history\Countries\xnu - пые╚.txt" near line: 22
[id.cpp:84]: Failed to create id 89510 41. Already exists in game.
[id.cpp:84]: Failed to create id 7004 41. Already exists in game.
[id.cpp:84]: Failed to create id 1523 41. Already exists in game.
[id.cpp:84]: Failed to create id 290800 41. Already exists in game.
[spritetype.cpp:278]: Texture gfx\\interface\\COT_bg.tga have forbidden compression, have you tried DXT3?
[spritetype.cpp:278]: Texture gfx\\interface\\unit_types_strip.tga have forbidden compression, have you tried DXT3?
[spritetype.cpp:278]: Texture gfx\\interface\\unit_types_strip.tga have forbidden compression, have you tried DXT3?
[spritetype.cpp:278]: Texture gfx\\interface\\button_embarked.tga have forbidden compression, have you tried DXT3?
